  [1m[35m (1.4ms)[0m  [1m[34mSELECT sqlite_version(*)[0m
  [1m[35m (3.9ms)[0m  [1m[35mCREATE TABLE "schema_migrations" ("version" varchar NOT NULL PRIMARY KEY)[0m
  [1m[35m (2.4ms)[0m  [1m[35mCREATE TABLE "ar_internal_metadata" ("key" varchar NOT NULL PRIMARY KEY, "value" varchar, "created_at" datetime NOT NULL, "updated_at" datetime NOT NULL)[0m
  [1m[35m (0.3ms)[0m  [1m[34mSELECT "schema_migrations"."version" FROM "schema_migrations" ORDER BY "schema_migrations"."version" ASC[0m
Migrating to CreateTrips (20180529153646)
  [1m[35m (0.1ms)[0m  [1m[36mbegin transaction[0m
  [1m[35m (2.8ms)[0m  [1m[35mCREATE TABLE "trips" ("id" INTEGER PRIMARY KEY AUTOINCREMENT NOT NULL, "title" varchar, "created_at" datetime NOT NULL, "updated_at" datetime NOT NULL)[0m
  [1m[35mSQL (0.3ms)[0m  [1m[32mINSERT INTO "schema_migrations" ("version") VALUES (?)[0m  [["version", "20180529153646"]]
  [1m[35m (1.5ms)[0m  [1m[36mcommit transaction[0m
  [1m[36mActiveRecord::InternalMetadata Load (0.3ms)[0m  [1m[34mSELECT  "ar_internal_metadata".* FROM "ar_internal_metadata" WHERE "ar_internal_metadata"."key" = ? LIMIT ?[0m  [["key", "environment"], ["LIMIT", 1]]
  [1m[35m (0.1ms)[0m  [1m[36mbegin transaction[0m
  [1m[35mSQL (0.6ms)[0m  [1m[32mINSERT INTO "ar_internal_metadata" ("key", "value", "created_at", "updated_at") VALUES (?, ?, ?, ?)[0m  [["key", "environment"], ["value", "development"], ["created_at", "2018-05-29 15:37:13.292349"], ["updated_at", "2018-05-29 15:37:13.292349"]]
  [1m[35m (6.4ms)[0m  [1m[36mcommit transaction[0m
  [1m[35m (0.2ms)[0m  [1m[34mSELECT "schema_migrations"."version" FROM "schema_migrations" ORDER BY "schema_migrations"."version" ASC[0m
Started GET "/api/v1/ideas" for ::1 at 2018-05-29 11:40:13 -0400
  [1m[35m (1.4ms)[0m  [1m[34mSELECT "schema_migrations"."version" FROM "schema_migrations" ORDER BY "schema_migrations"."version" ASC[0m
  
ActionController::RoutingError (No route matches [GET] "/api/v1/ideas"):
  
actionpack (5.1.6) lib/action_dispatch/middleware/debug_exceptions.rb:63:in `call'
actionpack (5.1.6) lib/action_dispatch/middleware/show_exceptions.rb:31:in `call'
railties (5.1.6) lib/rails/rack/logger.rb:36:in `call_app'
railties (5.1.6) lib/rails/rack/logger.rb:24:in `block in call'
activesupport (5.1.6) lib/active_support/tagged_logging.rb:69:in `block in tagged'
activesupport (5.1.6) lib/active_support/tagged_logging.rb:26:in `tagged'
activesupport (5.1.6) lib/active_support/tagged_logging.rb:69:in `tagged'
railties (5.1.6) lib/rails/rack/logger.rb:24:in `call'
actionpack (5.1.6) lib/action_dispatch/middleware/remote_ip.rb:79:in `call'
actionpack (5.1.6) lib/action_dispatch/middleware/request_id.rb:25:in `call'
rack (2.0.5) lib/rack/runtime.rb:22:in `call'
activesupport (5.1.6) lib/active_support/cache/strategy/local_cache_middleware.rb:27:in `call'
actionpack (5.1.6) lib/action_dispatch/middleware/executor.rb:12:in `call'
actionpack (5.1.6) lib/action_dispatch/middleware/static.rb:125:in `call'
rack (2.0.5) lib/rack/sendfile.rb:111:in `call'
railties (5.1.6) lib/rails/engine.rb:522:in `call'
puma (3.11.4) lib/puma/configuration.rb:225:in `call'
puma (3.11.4) lib/puma/server.rb:632:in `handle_request'
puma (3.11.4) lib/puma/server.rb:446:in `process_client'
puma (3.11.4) lib/puma/server.rb:306:in `block in run'
puma (3.11.4) lib/puma/thread_pool.rb:120:in `block in spawn_thread'
Started GET "/api/v1/trips" for ::1 at 2018-05-29 11:40:27 -0400
Processing by Api::V1::TripsController#index as */*
  [1m[36mTrip Load (1.2ms)[0m  [1m[34mSELECT "trips".* FROM "trips"[0m
Completed 200 OK in 10ms (Views: 2.2ms | ActiveRecord: 2.1ms)


Started GET "/api/v1/ideas" for ::1 at 2018-05-29 11:40:40 -0400
  
ActionController::RoutingError (No route matches [GET] "/api/v1/ideas"):
  
actionpack (5.1.6) lib/action_dispatch/middleware/debug_exceptions.rb:63:in `call'
actionpack (5.1.6) lib/action_dispatch/middleware/show_exceptions.rb:31:in `call'
railties (5.1.6) lib/rails/rack/logger.rb:36:in `call_app'
railties (5.1.6) lib/rails/rack/logger.rb:24:in `block in call'
activesupport (5.1.6) lib/active_support/tagged_logging.rb:69:in `block in tagged'
activesupport (5.1.6) lib/active_support/tagged_logging.rb:26:in `tagged'
activesupport (5.1.6) lib/active_support/tagged_logging.rb:69:in `tagged'
railties (5.1.6) lib/rails/rack/logger.rb:24:in `call'
actionpack (5.1.6) lib/action_dispatch/middleware/remote_ip.rb:79:in `call'
actionpack (5.1.6) lib/action_dispatch/middleware/request_id.rb:25:in `call'
rack (2.0.5) lib/rack/runtime.rb:22:in `call'
activesupport (5.1.6) lib/active_support/cache/strategy/local_cache_middleware.rb:27:in `call'
actionpack (5.1.6) lib/action_dispatch/middleware/executor.rb:12:in `call'
actionpack (5.1.6) lib/action_dispatch/middleware/static.rb:125:in `call'
rack (2.0.5) lib/rack/sendfile.rb:111:in `call'
railties (5.1.6) lib/rails/engine.rb:522:in `call'
puma (3.11.4) lib/puma/configuration.rb:225:in `call'
puma (3.11.4) lib/puma/server.rb:632:in `handle_request'
puma (3.11.4) lib/puma/server.rb:446:in `process_client'
puma (3.11.4) lib/puma/server.rb:306:in `block in run'
puma (3.11.4) lib/puma/thread_pool.rb:120:in `block in spawn_thread'
Started GET "/favicon.ico" for ::1 at 2018-05-29 11:40:42 -0400
  
ActionController::RoutingError (No route matches [GET] "/favicon.ico"):
  
actionpack (5.1.6) lib/action_dispatch/middleware/debug_exceptions.rb:63:in `call'
actionpack (5.1.6) lib/action_dispatch/middleware/show_exceptions.rb:31:in `call'
railties (5.1.6) lib/rails/rack/logger.rb:36:in `call_app'
railties (5.1.6) lib/rails/rack/logger.rb:24:in `block in call'
activesupport (5.1.6) lib/active_support/tagged_logging.rb:69:in `block in tagged'
activesupport (5.1.6) lib/active_support/tagged_logging.rb:26:in `tagged'
activesupport (5.1.6) lib/active_support/tagged_logging.rb:69:in `tagged'
railties (5.1.6) lib/rails/rack/logger.rb:24:in `call'
actionpack (5.1.6) lib/action_dispatch/middleware/remote_ip.rb:79:in `call'
actionpack (5.1.6) lib/action_dispatch/middleware/request_id.rb:25:in `call'
rack (2.0.5) lib/rack/runtime.rb:22:in `call'
activesupport (5.1.6) lib/active_support/cache/strategy/local_cache_middleware.rb:27:in `call'
actionpack (5.1.6) lib/action_dispatch/middleware/executor.rb:12:in `call'
actionpack (5.1.6) lib/action_dispatch/middleware/static.rb:125:in `call'
rack (2.0.5) lib/rack/sendfile.rb:111:in `call'
railties (5.1.6) lib/rails/engine.rb:522:in `call'
puma (3.11.4) lib/puma/configuration.rb:225:in `call'
puma (3.11.4) lib/puma/server.rb:632:in `handle_request'
puma (3.11.4) lib/puma/server.rb:446:in `process_client'
puma (3.11.4) lib/puma/server.rb:306:in `block in run'
puma (3.11.4) lib/puma/thread_pool.rb:120:in `block in spawn_thread'
Started GET "/api/v1/trips" for ::1 at 2018-05-29 11:40:51 -0400
Processing by Api::V1::TripsController#index as HTML
  [1m[36mTrip Load (0.2ms)[0m  [1m[34mSELECT "trips".* FROM "trips"[0m
Completed 200 OK in 2ms (Views: 0.9ms | ActiveRecord: 0.2ms)


Started GET "/api/v1/trips.json" for ::1 at 2018-05-29 14:47:59 -0400
Processing by Api::V1::TripsController#index as JSON
  [1m[36mTrip Load (1.3ms)[0m  [1m[34mSELECT "trips".* FROM "trips"[0m
Completed 200 OK in 52ms (Views: 31.1ms | ActiveRecord: 6.4ms)


Started GET "/api/v1/trips.json" for ::1 at 2018-05-29 14:48:32 -0400
Processing by Api::V1::TripsController#index as JSON
  [1m[36mTrip Load (0.2ms)[0m  [1m[34mSELECT "trips".* FROM "trips"[0m
Completed 200 OK in 1ms (Views: 0.7ms | ActiveRecord: 0.2ms)


Started GET "/api/v1/trips.json" for ::1 at 2018-05-29 14:48:47 -0400
Processing by Api::V1::TripsController#index as JSON
  [1m[36mTrip Load (0.2ms)[0m  [1m[34mSELECT "trips".* FROM "trips"[0m
Completed 200 OK in 5ms (Views: 0.6ms | ActiveRecord: 0.2ms)


Started OPTIONS "/api/v1/trips" for ::1 at 2018-05-29 14:49:14 -0400
  
ActionController::RoutingError (No route matches [OPTIONS] "/api/v1/trips"):
  
actionpack (5.1.6) lib/action_dispatch/middleware/debug_exceptions.rb:63:in `call'
actionpack (5.1.6) lib/action_dispatch/middleware/show_exceptions.rb:31:in `call'
railties (5.1.6) lib/rails/rack/logger.rb:36:in `call_app'
railties (5.1.6) lib/rails/rack/logger.rb:24:in `block in call'
activesupport (5.1.6) lib/active_support/tagged_logging.rb:69:in `block in tagged'
activesupport (5.1.6) lib/active_support/tagged_logging.rb:26:in `tagged'
activesupport (5.1.6) lib/active_support/tagged_logging.rb:69:in `tagged'
railties (5.1.6) lib/rails/rack/logger.rb:24:in `call'
actionpack (5.1.6) lib/action_dispatch/middleware/remote_ip.rb:79:in `call'
actionpack (5.1.6) lib/action_dispatch/middleware/request_id.rb:25:in `call'
rack (2.0.5) lib/rack/runtime.rb:22:in `call'
activesupport (5.1.6) lib/active_support/cache/strategy/local_cache_middleware.rb:27:in `call'
actionpack (5.1.6) lib/action_dispatch/middleware/executor.rb:12:in `call'
actionpack (5.1.6) lib/action_dispatch/middleware/static.rb:125:in `call'
rack (2.0.5) lib/rack/sendfile.rb:111:in `call'
railties (5.1.6) lib/rails/engine.rb:522:in `call'
puma (3.11.4) lib/puma/configuration.rb:225:in `call'
puma (3.11.4) lib/puma/server.rb:632:in `handle_request'
puma (3.11.4) lib/puma/server.rb:446:in `process_client'
puma (3.11.4) lib/puma/server.rb:306:in `block in run'
puma (3.11.4) lib/puma/thread_pool.rb:120:in `block in spawn_thread'
Started OPTIONS "/api/v1/trips" for ::1 at 2018-05-29 14:49:24 -0400
  
ActionController::RoutingError (No route matches [OPTIONS] "/api/v1/trips"):
  
actionpack (5.1.6) lib/action_dispatch/middleware/debug_exceptions.rb:63:in `call'
actionpack (5.1.6) lib/action_dispatch/middleware/show_exceptions.rb:31:in `call'
railties (5.1.6) lib/rails/rack/logger.rb:36:in `call_app'
railties (5.1.6) lib/rails/rack/logger.rb:24:in `block in call'
activesupport (5.1.6) lib/active_support/tagged_logging.rb:69:in `block in tagged'
activesupport (5.1.6) lib/active_support/tagged_logging.rb:26:in `tagged'
activesupport (5.1.6) lib/active_support/tagged_logging.rb:69:in `tagged'
railties (5.1.6) lib/rails/rack/logger.rb:24:in `call'
actionpack (5.1.6) lib/action_dispatch/middleware/remote_ip.rb:79:in `call'
actionpack (5.1.6) lib/action_dispatch/middleware/request_id.rb:25:in `call'
rack (2.0.5) lib/rack/runtime.rb:22:in `call'
activesupport (5.1.6) lib/active_support/cache/strategy/local_cache_middleware.rb:27:in `call'
actionpack (5.1.6) lib/action_dispatch/middleware/executor.rb:12:in `call'
actionpack (5.1.6) lib/action_dispatch/middleware/static.rb:125:in `call'
rack (2.0.5) lib/rack/sendfile.rb:111:in `call'
railties (5.1.6) lib/rails/engine.rb:522:in `call'
puma (3.11.4) lib/puma/configuration.rb:225:in `call'
puma (3.11.4) lib/puma/server.rb:632:in `handle_request'
puma (3.11.4) lib/puma/server.rb:446:in `process_client'
puma (3.11.4) lib/puma/server.rb:306:in `block in run'
puma (3.11.4) lib/puma/thread_pool.rb:120:in `block in spawn_thread'
Started GET "/api/v1/trips" for ::1 at 2018-05-29 14:50:22 -0400
Processing by Api::V1::TripsController#index as HTML
  [1m[36mTrip Load (0.2ms)[0m  [1m[34mSELECT "trips".* FROM "trips"[0m
Completed 200 OK in 12ms (Views: 11.4ms | ActiveRecord: 0.2ms)


Started GET "/api/v1/trips.json" for ::1 at 2018-05-29 14:51:13 -0400
Processing by Api::V1::TripsController#index as JSON
  [1m[36mTrip Load (0.3ms)[0m  [1m[34mSELECT "trips".* FROM "trips"[0m
Completed 200 OK in 3ms (Views: 1.2ms | ActiveRecord: 0.3ms)


Started OPTIONS "/api/v1/trips" for ::1 at 2018-05-29 14:51:15 -0400
  
ActionController::RoutingError (No route matches [OPTIONS] "/api/v1/trips"):
  
actionpack (5.1.6) lib/action_dispatch/middleware/debug_exceptions.rb:63:in `call'
actionpack (5.1.6) lib/action_dispatch/middleware/show_exceptions.rb:31:in `call'
railties (5.1.6) lib/rails/rack/logger.rb:36:in `call_app'
railties (5.1.6) lib/rails/rack/logger.rb:24:in `block in call'
activesupport (5.1.6) lib/active_support/tagged_logging.rb:69:in `block in tagged'
activesupport (5.1.6) lib/active_support/tagged_logging.rb:26:in `tagged'
activesupport (5.1.6) lib/active_support/tagged_logging.rb:69:in `tagged'
railties (5.1.6) lib/rails/rack/logger.rb:24:in `call'
actionpack (5.1.6) lib/action_dispatch/middleware/remote_ip.rb:79:in `call'
actionpack (5.1.6) lib/action_dispatch/middleware/request_id.rb:25:in `call'
rack (2.0.5) lib/rack/runtime.rb:22:in `call'
activesupport (5.1.6) lib/active_support/cache/strategy/local_cache_middleware.rb:27:in `call'
actionpack (5.1.6) lib/action_dispatch/middleware/executor.rb:12:in `call'
actionpack (5.1.6) lib/action_dispatch/middleware/static.rb:125:in `call'
rack (2.0.5) lib/rack/sendfile.rb:111:in `call'
railties (5.1.6) lib/rails/engine.rb:522:in `call'
puma (3.11.4) lib/puma/configuration.rb:225:in `call'
puma (3.11.4) lib/puma/server.rb:632:in `handle_request'
puma (3.11.4) lib/puma/server.rb:446:in `process_client'
puma (3.11.4) lib/puma/server.rb:306:in `block in run'
puma (3.11.4) lib/puma/thread_pool.rb:120:in `block in spawn_thread'
Started GET "/api/v1/trips.json" for ::1 at 2018-05-29 14:51:29 -0400
Processing by Api::V1::TripsController#index as JSON
  [1m[36mTrip Load (0.2ms)[0m  [1m[34mSELECT "trips".* FROM "trips"[0m
Completed 200 OK in 1ms (Views: 0.6ms | ActiveRecord: 0.2ms)


Started GET "/api/v1/trips.json" for ::1 at 2018-05-29 14:51:50 -0400
Processing by Api::V1::TripsController#index as JSON
  [1m[36mTrip Load (0.2ms)[0m  [1m[34mSELECT "trips".* FROM "trips"[0m
Completed 200 OK in 10ms (Views: 9.4ms | ActiveRecord: 0.2ms)


Started GET "/api/v1/trips.json" for ::1 at 2018-05-29 14:51:53 -0400
Processing by Api::V1::TripsController#index as JSON
  [1m[36mTrip Load (0.2ms)[0m  [1m[34mSELECT "trips".* FROM "trips"[0m
Completed 200 OK in 1ms (Views: 0.8ms | ActiveRecord: 0.2ms)


  [1m[35m (1.3ms)[0m  [1m[34mSELECT "schema_migrations"."version" FROM "schema_migrations" ORDER BY "schema_migrations"."version" ASC[0m
  [1m[35m (0.1ms)[0m  [1m[36mbegin transaction[0m
  [1m[35mSQL (2.1ms)[0m  [1m[32mINSERT INTO "trips" ("title", "created_at", "updated_at") VALUES (?, ?, ?)[0m  [["title", "First Trip"], ["created_at", "2018-05-29 18:54:14.488652"], ["updated_at", "2018-05-29 18:54:14.488652"]]
  [1m[35m (1.6ms)[0m  [1m[36mcommit transaction[0m
Started GET "/api/v1/trips.json" for ::1 at 2018-05-29 14:54:35 -0400
Processing by Api::V1::TripsController#index as JSON
  [1m[36mTrip Load (0.3ms)[0m  [1m[34mSELECT "trips".* FROM "trips"[0m
Completed 200 OK in 333ms (Views: 330.0ms | ActiveRecord: 2.9ms)


Started GET "/api/v1/trips.json" for ::1 at 2018-05-29 14:54:46 -0400
Processing by Api::V1::TripsController#index as JSON
  [1m[36mTrip Load (0.2ms)[0m  [1m[34mSELECT "trips".* FROM "trips"[0m
Completed 200 OK in 2ms (Views: 1.5ms | ActiveRecord: 0.2ms)


Started OPTIONS "/api/v1/trips" for ::1 at 2018-05-29 14:54:56 -0400
  
ActionController::RoutingError (No route matches [OPTIONS] "/api/v1/trips"):
  
actionpack (5.1.6) lib/action_dispatch/middleware/debug_exceptions.rb:63:in `call'
actionpack (5.1.6) lib/action_dispatch/middleware/show_exceptions.rb:31:in `call'
railties (5.1.6) lib/rails/rack/logger.rb:36:in `call_app'
railties (5.1.6) lib/rails/rack/logger.rb:24:in `block in call'
activesupport (5.1.6) lib/active_support/tagged_logging.rb:69:in `block in tagged'
activesupport (5.1.6) lib/active_support/tagged_logging.rb:26:in `tagged'
activesupport (5.1.6) lib/active_support/tagged_logging.rb:69:in `tagged'
railties (5.1.6) lib/rails/rack/logger.rb:24:in `call'
actionpack (5.1.6) lib/action_dispatch/middleware/remote_ip.rb:79:in `call'
actionpack (5.1.6) lib/action_dispatch/middleware/request_id.rb:25:in `call'
rack (2.0.5) lib/rack/runtime.rb:22:in `call'
activesupport (5.1.6) lib/active_support/cache/strategy/local_cache_middleware.rb:27:in `call'
actionpack (5.1.6) lib/action_dispatch/middleware/executor.rb:12:in `call'
actionpack (5.1.6) lib/action_dispatch/middleware/static.rb:125:in `call'
rack (2.0.5) lib/rack/sendfile.rb:111:in `call'
railties (5.1.6) lib/rails/engine.rb:522:in `call'
puma (3.11.4) lib/puma/configuration.rb:225:in `call'
puma (3.11.4) lib/puma/server.rb:632:in `handle_request'
puma (3.11.4) lib/puma/server.rb:446:in `process_client'
puma (3.11.4) lib/puma/server.rb:306:in `block in run'
puma (3.11.4) lib/puma/thread_pool.rb:120:in `block in spawn_thread'
Started GET "/api/v1/trips.json" for ::1 at 2018-05-29 15:00:11 -0400
Processing by Api::V1::TripsController#index as JSON
  [1m[36mTrip Load (2.0ms)[0m  [1m[34mSELECT "trips".* FROM "trips"[0m
Completed 200 OK in 38ms (Views: 28.5ms | ActiveRecord: 2.0ms)


Started OPTIONS "/api/v1/trips" for ::1 at 2018-05-29 15:00:14 -0400
  
ActionController::RoutingError (No route matches [OPTIONS] "/api/v1/trips"):
  
actionpack (5.1.6) lib/action_dispatch/middleware/debug_exceptions.rb:63:in `call'
actionpack (5.1.6) lib/action_dispatch/middleware/show_exceptions.rb:31:in `call'
railties (5.1.6) lib/rails/rack/logger.rb:36:in `call_app'
railties (5.1.6) lib/rails/rack/logger.rb:24:in `block in call'
activesupport (5.1.6) lib/active_support/tagged_logging.rb:69:in `block in tagged'
activesupport (5.1.6) lib/active_support/tagged_logging.rb:26:in `tagged'
activesupport (5.1.6) lib/active_support/tagged_logging.rb:69:in `tagged'
railties (5.1.6) lib/rails/rack/logger.rb:24:in `call'
actionpack (5.1.6) lib/action_dispatch/middleware/remote_ip.rb:79:in `call'
actionpack (5.1.6) lib/action_dispatch/middleware/request_id.rb:25:in `call'
rack (2.0.5) lib/rack/runtime.rb:22:in `call'
activesupport (5.1.6) lib/active_support/cache/strategy/local_cache_middleware.rb:27:in `call'
actionpack (5.1.6) lib/action_dispatch/middleware/executor.rb:12:in `call'
actionpack (5.1.6) lib/action_dispatch/middleware/static.rb:125:in `call'
rack (2.0.5) lib/rack/sendfile.rb:111:in `call'
railties (5.1.6) lib/rails/engine.rb:522:in `call'
puma (3.11.4) lib/puma/configuration.rb:225:in `call'
puma (3.11.4) lib/puma/server.rb:632:in `handle_request'
puma (3.11.4) lib/puma/server.rb:446:in `process_client'
puma (3.11.4) lib/puma/server.rb:306:in `block in run'
puma (3.11.4) lib/puma/thread_pool.rb:120:in `block in spawn_thread'
Started GET "/api/v1/trips.json" for ::1 at 2018-05-29 15:01:32 -0400
Processing by Api::V1::TripsController#index as JSON
  [1m[36mTrip Load (0.2ms)[0m  [1m[34mSELECT "trips".* FROM "trips"[0m
Completed 200 OK in 11ms (Views: 10.4ms | ActiveRecord: 0.2ms)


Started OPTIONS "/api/v1/trips" for ::1 at 2018-05-29 15:01:34 -0400
  
ActionController::RoutingError (No route matches [OPTIONS] "/api/v1/trips"):
  
actionpack (5.1.6) lib/action_dispatch/middleware/debug_exceptions.rb:63:in `call'
actionpack (5.1.6) lib/action_dispatch/middleware/show_exceptions.rb:31:in `call'
railties (5.1.6) lib/rails/rack/logger.rb:36:in `call_app'
railties (5.1.6) lib/rails/rack/logger.rb:24:in `block in call'
activesupport (5.1.6) lib/active_support/tagged_logging.rb:69:in `block in tagged'
activesupport (5.1.6) lib/active_support/tagged_logging.rb:26:in `tagged'
activesupport (5.1.6) lib/active_support/tagged_logging.rb:69:in `tagged'
railties (5.1.6) lib/rails/rack/logger.rb:24:in `call'
actionpack (5.1.6) lib/action_dispatch/middleware/remote_ip.rb:79:in `call'
actionpack (5.1.6) lib/action_dispatch/middleware/request_id.rb:25:in `call'
rack (2.0.5) lib/rack/runtime.rb:22:in `call'
activesupport (5.1.6) lib/active_support/cache/strategy/local_cache_middleware.rb:27:in `call'
actionpack (5.1.6) lib/action_dispatch/middleware/executor.rb:12:in `call'
actionpack (5.1.6) lib/action_dispatch/middleware/static.rb:125:in `call'
rack (2.0.5) lib/rack/sendfile.rb:111:in `call'
railties (5.1.6) lib/rails/engine.rb:522:in `call'
puma (3.11.4) lib/puma/configuration.rb:225:in `call'
puma (3.11.4) lib/puma/server.rb:632:in `handle_request'
puma (3.11.4) lib/puma/server.rb:446:in `process_client'
puma (3.11.4) lib/puma/server.rb:306:in `block in run'
puma (3.11.4) lib/puma/thread_pool.rb:120:in `block in spawn_thread'
Started GET "/api/v1/trips.json" for ::1 at 2018-05-29 15:06:44 -0400
  [1m[35m (1.3ms)[0m  [1m[34mSELECT "schema_migrations"."version" FROM "schema_migrations" ORDER BY "schema_migrations"."version" ASC[0m
Processing by Api::V1::TripsController#index as JSON
  [1m[36mTrip Load (1.3ms)[0m  [1m[34mSELECT "trips".* FROM "trips"[0m
Completed 200 OK in 18ms (Views: 9.6ms | ActiveRecord: 2.1ms)


Started GET "/api/v1/trips.json" for ::1 at 2018-05-29 15:07:20 -0400
Processing by Api::V1::TripsController#index as JSON
  [1m[36mTrip Load (1.6ms)[0m  [1m[34mSELECT "trips".* FROM "trips"[0m
Completed 200 OK in 25ms (Views: 17.1ms | ActiveRecord: 2.7ms)


Started GET "/api/v1/trips.json" for ::1 at 2018-05-29 15:08:01 -0400
Processing by Api::V1::TripsController#index as JSON
  [1m[36mTrip Load (0.2ms)[0m  [1m[34mSELECT "trips".* FROM "trips"[0m
Completed 200 OK in 2ms (Views: 1.5ms | ActiveRecord: 0.2ms)


Started GET "/api/v1/trips.json" for ::1 at 2018-05-29 15:08:18 -0400
Processing by Api::V1::TripsController#index as JSON
  [1m[36mTrip Load (0.2ms)[0m  [1m[34mSELECT "trips".* FROM "trips"[0m
Completed 200 OK in 2ms (Views: 1.4ms | ActiveRecord: 0.2ms)


Started GET "/api/v1/trips.json" for ::1 at 2018-05-29 15:08:56 -0400
Processing by Api::V1::TripsController#index as JSON
  [1m[36mTrip Load (0.4ms)[0m  [1m[34mSELECT "trips".* FROM "trips"[0m
Completed 200 OK in 2ms (Views: 1.5ms | ActiveRecord: 0.4ms)


Started POST "/api/v1/trips" for ::1 at 2018-05-29 15:08:59 -0400
Processing by Api::V1::TripsController#create as HTML
  Parameters: {"trip"=>{"title"=>""}}
Completed 400 Bad Request in 2ms (ActiveRecord: 0.0ms)


  
ActionController::ParameterMissing (param is missing or the value is empty: idea):
  
app/controllers/api/v1/trips_controller.rb:16:in `trip_params'
app/controllers/api/v1/trips_controller.rb:9:in `create'
Started GET "/api/v1/trips.json" for ::1 at 2018-05-29 15:11:44 -0400
Processing by Api::V1::TripsController#index as JSON
  [1m[36mTrip Load (0.2ms)[0m  [1m[34mSELECT "trips".* FROM "trips"[0m
Completed 200 OK in 2ms (Views: 1.8ms | ActiveRecord: 0.2ms)


Started GET "/api/v1/trips.json" for ::1 at 2018-05-29 15:11:56 -0400
Processing by Api::V1::TripsController#index as JSON
  [1m[36mTrip Load (0.4ms)[0m  [1m[34mSELECT "trips".* FROM "trips"[0m
Completed 200 OK in 2ms (Views: 1.2ms | ActiveRecord: 0.4ms)


Started POST "/api/v1/trips" for ::1 at 2018-05-29 15:12:00 -0400
Processing by Api::V1::TripsController#create as HTML
  Parameters: {"trip"=>{"title"=>""}}
Completed 400 Bad Request in 1ms (ActiveRecord: 0.0ms)


  
ActionController::ParameterMissing (param is missing or the value is empty: idea):
  
app/controllers/api/v1/trips_controller.rb:16:in `trip_params'
app/controllers/api/v1/trips_controller.rb:9:in `create'
Started GET "/api/v1/trips.json" for ::1 at 2018-05-29 15:13:58 -0400
Processing by Api::V1::TripsController#index as JSON
  [1m[36mTrip Load (0.2ms)[0m  [1m[34mSELECT "trips".* FROM "trips"[0m
Completed 200 OK in 1ms (Views: 1.0ms | ActiveRecord: 0.2ms)


Started POST "/api/v1/trips" for ::1 at 2018-05-29 15:14:00 -0400
Processing by Api::V1::TripsController#create as HTML
  Parameters: {"trip"=>{"title"=>""}}
Completed 400 Bad Request in 0ms (ActiveRecord: 0.0ms)


  
ActionController::ParameterMissing (param is missing or the value is empty: idea):
  
app/controllers/api/v1/trips_controller.rb:16:in `trip_params'
app/controllers/api/v1/trips_controller.rb:9:in `create'
Started POST "/api/v1/trips" for ::1 at 2018-05-29 15:14:27 -0400
Processing by Api::V1::TripsController#create as HTML
  Parameters: {"trip"=>{"title"=>""}}
Completed 400 Bad Request in 0ms (ActiveRecord: 0.0ms)


  
ActionController::ParameterMissing (param is missing or the value is empty: idea):
  
app/controllers/api/v1/trips_controller.rb:16:in `trip_params'
app/controllers/api/v1/trips_controller.rb:9:in `create'
Started GET "/api/v1/trips.json" for ::1 at 2018-05-29 15:14:29 -0400
Processing by Api::V1::TripsController#index as JSON
  [1m[36mTrip Load (0.2ms)[0m  [1m[34mSELECT "trips".* FROM "trips"[0m
Completed 200 OK in 1ms (Views: 0.9ms | ActiveRecord: 0.2ms)


Started POST "/api/v1/trips" for ::1 at 2018-05-29 15:14:31 -0400
Processing by Api::V1::TripsController#create as HTML
  Parameters: {"trip"=>{"title"=>""}}
Completed 400 Bad Request in 0ms (ActiveRecord: 0.0ms)


  
ActionController::ParameterMissing (param is missing or the value is empty: idea):
  
app/controllers/api/v1/trips_controller.rb:16:in `trip_params'
app/controllers/api/v1/trips_controller.rb:9:in `create'
Started GET "/api/v1/trips.json" for ::1 at 2018-05-29 15:14:55 -0400
Processing by Api::V1::TripsController#index as JSON
  [1m[36mTrip Load (0.2ms)[0m  [1m[34mSELECT "trips".* FROM "trips"[0m
Completed 200 OK in 1ms (Views: 0.9ms | ActiveRecord: 0.2ms)


Started GET "/api/v1/trips.json" for ::1 at 2018-05-29 15:16:03 -0400
Processing by Api::V1::TripsController#index as JSON
  [1m[36mTrip Load (0.2ms)[0m  [1m[34mSELECT "trips".* FROM "trips"[0m
Completed 200 OK in 2ms (Views: 1.3ms | ActiveRecord: 0.2ms)


Started POST "/api/v1/trips" for ::1 at 2018-05-29 15:16:06 -0400
Processing by Api::V1::TripsController#create as HTML
  Parameters: {"trip"=>{"title"=>""}}
Completed 400 Bad Request in 0ms (ActiveRecord: 0.0ms)


  
ActionController::ParameterMissing (param is missing or the value is empty: idea):
  
app/controllers/api/v1/trips_controller.rb:16:in `trip_params'
app/controllers/api/v1/trips_controller.rb:9:in `create'
Started GET "/api/v1/trips.json" for ::1 at 2018-05-29 15:17:09 -0400
Processing by Api::V1::TripsController#index as JSON
  [1m[36mTrip Load (0.3ms)[0m  [1m[34mSELECT "trips".* FROM "trips"[0m
Completed 200 OK in 2ms (Views: 1.6ms | ActiveRecord: 0.3ms)


Started GET "/api/v1/trips.json" for ::1 at 2018-05-29 15:17:25 -0400
Processing by Api::V1::TripsController#index as JSON
  [1m[36mTrip Load (0.3ms)[0m  [1m[34mSELECT "trips".* FROM "trips"[0m
Completed 200 OK in 2ms (Views: 1.3ms | ActiveRecord: 0.3ms)


Started POST "/api/v1/trips" for ::1 at 2018-05-29 15:17:29 -0400
Processing by Api::V1::TripsController#create as HTML
  Parameters: {"trip"=>{"title"=>""}}
Completed 400 Bad Request in 1ms (ActiveRecord: 0.0ms)


  
ActionController::ParameterMissing (param is missing or the value is empty: idea):
  
app/controllers/api/v1/trips_controller.rb:16:in `trip_params'
app/controllers/api/v1/trips_controller.rb:9:in `create'
Started GET "/api/v1/trips.json" for ::1 at 2018-05-29 15:17:44 -0400
Processing by Api::V1::TripsController#index as JSON
  [1m[36mTrip Load (0.2ms)[0m  [1m[34mSELECT "trips".* FROM "trips"[0m
Completed 200 OK in 2ms (Views: 1.1ms | ActiveRecord: 0.2ms)


Started GET "/api/v1/trips.json" for ::1 at 2018-05-29 15:17:47 -0400
Processing by Api::V1::TripsController#index as JSON
  [1m[36mTrip Load (0.2ms)[0m  [1m[34mSELECT "trips".* FROM "trips"[0m
Completed 200 OK in 2ms (Views: 1.1ms | ActiveRecord: 0.2ms)


Started GET "/api/v1/trips.json" for ::1 at 2018-05-29 15:18:07 -0400
Processing by Api::V1::TripsController#index as JSON
  [1m[36mTrip Load (0.3ms)[0m  [1m[34mSELECT "trips".* FROM "trips"[0m
Completed 200 OK in 2ms (Views: 1.4ms | ActiveRecord: 0.3ms)


Started POST "/api/v1/trips" for ::1 at 2018-05-29 15:18:11 -0400
Processing by Api::V1::TripsController#create as HTML
  Parameters: {"trip"=>{"title"=>""}}
Completed 400 Bad Request in 1ms (ActiveRecord: 0.0ms)


  
ActionController::ParameterMissing (param is missing or the value is empty: idea):
  
app/controllers/api/v1/trips_controller.rb:16:in `trip_params'
app/controllers/api/v1/trips_controller.rb:9:in `create'
Started GET "/api/v1/trips.json" for ::1 at 2018-05-29 15:19:35 -0400
Processing by Api::V1::TripsController#index as JSON
  [1m[36mTrip Load (0.4ms)[0m  [1m[34mSELECT "trips".* FROM "trips"[0m
Completed 200 OK in 3ms (Views: 2.3ms | ActiveRecord: 0.4ms)


Started GET "/api/v1/trips.json" for ::1 at 2018-05-29 15:19:50 -0400
Processing by Api::V1::TripsController#index as JSON
  [1m[36mTrip Load (0.2ms)[0m  [1m[34mSELECT "trips".* FROM "trips"[0m
Completed 200 OK in 1ms (Views: 0.9ms | ActiveRecord: 0.2ms)


Started GET "/api/v1/trips.json" for ::1 at 2018-05-29 15:20:08 -0400
Processing by Api::V1::TripsController#index as JSON
  [1m[36mTrip Load (0.2ms)[0m  [1m[34mSELECT "trips".* FROM "trips"[0m
Completed 200 OK in 2ms (Views: 1.0ms | ActiveRecord: 0.2ms)


Started GET "/api/v1/trips.json" for ::1 at 2018-05-29 15:21:36 -0400
Processing by Api::V1::TripsController#index as JSON
  [1m[36mTrip Load (0.5ms)[0m  [1m[34mSELECT "trips".* FROM "trips"[0m
Completed 200 OK in 3ms (Views: 1.7ms | ActiveRecord: 0.5ms)


Started GET "/api/v1/trips.json" for ::1 at 2018-05-29 15:22:25 -0400
Processing by Api::V1::TripsController#index as JSON
  [1m[36mTrip Load (24.5ms)[0m  [1m[34mSELECT "trips".* FROM "trips"[0m
Completed 200 OK in 72ms (Views: 31.1ms | ActiveRecord: 24.5ms)


Started POST "/api/v1/trips" for ::1 at 2018-05-29 15:22:28 -0400
Processing by Api::V1::TripsController#create as HTML
  Parameters: {"trip"=>{"title"=>""}}
Completed 400 Bad Request in 2ms (ActiveRecord: 0.0ms)


  
ActionController::ParameterMissing (param is missing or the value is empty: idea):
  
app/controllers/api/v1/trips_controller.rb:16:in `trip_params'
app/controllers/api/v1/trips_controller.rb:9:in `create'
Started GET "/api/v1/trips.json" for ::1 at 2018-05-29 15:24:50 -0400
Processing by Api::V1::TripsController#index as JSON
  [1m[36mTrip Load (0.4ms)[0m  [1m[34mSELECT "trips".* FROM "trips"[0m
Completed 200 OK in 2ms (Views: 1.4ms | ActiveRecord: 0.4ms)


Started GET "/api/v1/trips.json" for ::1 at 2018-05-29 15:29:33 -0400
Processing by Api::V1::TripsController#index as JSON
  [1m[36mTrip Load (1.7ms)[0m  [1m[34mSELECT "trips".* FROM "trips"[0m
Completed 200 OK in 19ms (Views: 13.3ms | ActiveRecord: 1.7ms)


Started POST "/api/v1/trips" for ::1 at 2018-05-29 15:29:44 -0400
Processing by Api::V1::TripsController#create as HTML
  Parameters: {"trip"=>{"title"=>""}}
Completed 400 Bad Request in 2ms (ActiveRecord: 0.0ms)


  
ActionController::ParameterMissing (param is missing or the value is empty: idea):
  
app/controllers/api/v1/trips_controller.rb:16:in `trip_params'
app/controllers/api/v1/trips_controller.rb:9:in `create'
Started GET "/api/v1/trips.json" for ::1 at 2018-05-29 15:29:49 -0400
Processing by Api::V1::TripsController#index as JSON
  [1m[36mTrip Load (0.2ms)[0m  [1m[34mSELECT "trips".* FROM "trips"[0m
Completed 200 OK in 2ms (Views: 1.1ms | ActiveRecord: 0.2ms)


Started GET "/api/v1/trips.json" for ::1 at 2018-05-29 15:31:26 -0400
Processing by Api::V1::TripsController#index as JSON
  [1m[36mTrip Load (0.9ms)[0m  [1m[34mSELECT "trips".* FROM "trips"[0m
Completed 200 OK in 3ms (Views: 1.5ms | ActiveRecord: 0.9ms)


Started GET "/api/v1/trips.json" for ::1 at 2018-05-29 15:32:00 -0400
Processing by Api::V1::TripsController#index as JSON
  [1m[36mTrip Load (0.4ms)[0m  [1m[34mSELECT "trips".* FROM "trips"[0m
Completed 200 OK in 2ms (Views: 1.5ms | ActiveRecord: 0.4ms)


Started GET "/api/v1/trips.json" for ::1 at 2018-05-29 15:32:18 -0400
Processing by Api::V1::TripsController#index as JSON
  [1m[36mTrip Load (0.2ms)[0m  [1m[34mSELECT "trips".* FROM "trips"[0m
Completed 200 OK in 2ms (Views: 1.5ms | ActiveRecord: 0.2ms)


Started GET "/api/v1/trips.json" for ::1 at 2018-05-29 15:32:42 -0400
Processing by Api::V1::TripsController#index as JSON
  [1m[36mTrip Load (0.2ms)[0m  [1m[34mSELECT "trips".* FROM "trips"[0m
Completed 200 OK in 2ms (Views: 1.2ms | ActiveRecord: 0.2ms)


Started GET "/api/v1/trips.json" for ::1 at 2018-05-29 15:33:00 -0400
Processing by Api::V1::TripsController#index as JSON
  [1m[36mTrip Load (0.2ms)[0m  [1m[34mSELECT "trips".* FROM "trips"[0m
Completed 200 OK in 2ms (Views: 1.2ms | ActiveRecord: 0.2ms)


Started GET "/api/v1/trips.json" for ::1 at 2018-05-29 15:34:02 -0400
Processing by Api::V1::TripsController#index as JSON
  [1m[36mTrip Load (0.2ms)[0m  [1m[34mSELECT "trips".* FROM "trips"[0m
Completed 200 OK in 2ms (Views: 1.1ms | ActiveRecord: 0.2ms)


Started GET "/api/v1/trips.json" for ::1 at 2018-05-29 15:34:22 -0400
Processing by Api::V1::TripsController#index as JSON
  [1m[36mTrip Load (0.4ms)[0m  [1m[34mSELECT "trips".* FROM "trips"[0m
Completed 200 OK in 2ms (Views: 1.3ms | ActiveRecord: 0.4ms)


Started GET "/api/v1/trips.json" for ::1 at 2018-05-29 15:34:55 -0400
Processing by Api::V1::TripsController#index as JSON
  [1m[36mTrip Load (0.2ms)[0m  [1m[34mSELECT "trips".* FROM "trips"[0m
Completed 200 OK in 2ms (Views: 1.3ms | ActiveRecord: 0.2ms)


Started GET "/api/v1/trips.json" for ::1 at 2018-05-29 15:35:01 -0400
Processing by Api::V1::TripsController#index as JSON
  [1m[36mTrip Load (0.3ms)[0m  [1m[34mSELECT "trips".* FROM "trips"[0m
Completed 200 OK in 2ms (Views: 1.5ms | ActiveRecord: 0.3ms)


Started GET "/api/v1/trips.json" for ::1 at 2018-05-29 15:36:03 -0400
Processing by Api::V1::TripsController#index as JSON
  [1m[36mTrip Load (0.3ms)[0m  [1m[34mSELECT "trips".* FROM "trips"[0m
Completed 200 OK in 3ms (Views: 2.6ms | ActiveRecord: 0.3ms)


Started GET "/api/v1/trips.json" for ::1 at 2018-05-29 15:36:16 -0400
Processing by Api::V1::TripsController#index as JSON
  [1m[36mTrip Load (0.3ms)[0m  [1m[34mSELECT "trips".* FROM "trips"[0m
Completed 200 OK in 2ms (Views: 1.4ms | ActiveRecord: 0.3ms)


Started GET "/api/v1/trips.json" for ::1 at 2018-05-29 15:36:47 -0400
Processing by Api::V1::TripsController#index as JSON
  [1m[36mTrip Load (0.4ms)[0m  [1m[34mSELECT "trips".* FROM "trips"[0m
Completed 200 OK in 3ms (Views: 2.4ms | ActiveRecord: 0.4ms)


Started GET "/api/v1/trips.json" for ::1 at 2018-05-29 15:36:56 -0400
Processing by Api::V1::TripsController#index as JSON
  [1m[36mTrip Load (0.3ms)[0m  [1m[34mSELECT "trips".* FROM "trips"[0m
Completed 200 OK in 3ms (Views: 2.0ms | ActiveRecord: 0.3ms)


Started GET "/api/v1/trips.json" for ::1 at 2018-05-29 15:38:49 -0400
Processing by Api::V1::TripsController#index as JSON
  [1m[36mTrip Load (0.2ms)[0m  [1m[34mSELECT "trips".* FROM "trips"[0m
Completed 200 OK in 2ms (Views: 1.1ms | ActiveRecord: 0.2ms)


Started GET "/api/v1/trips.json" for ::1 at 2018-05-29 15:39:11 -0400
Processing by Api::V1::TripsController#index as JSON
  [1m[36mTrip Load (0.2ms)[0m  [1m[34mSELECT "trips".* FROM "trips"[0m
Completed 200 OK in 2ms (Views: 1.8ms | ActiveRecord: 0.2ms)


Started GET "/api/v1/trips.json" for ::1 at 2018-05-29 15:39:43 -0400
Processing by Api::V1::TripsController#index as JSON
  [1m[36mTrip Load (0.2ms)[0m  [1m[34mSELECT "trips".* FROM "trips"[0m
Completed 200 OK in 2ms (Views: 1.9ms | ActiveRecord: 0.2ms)


Started GET "/api/v1/trips.json" for ::1 at 2018-05-29 15:40:09 -0400
Processing by Api::V1::TripsController#index as JSON
  [1m[36mTrip Load (0.3ms)[0m  [1m[34mSELECT "trips".* FROM "trips"[0m
Completed 200 OK in 3ms (Views: 2.2ms | ActiveRecord: 0.3ms)


Started GET "/api/v1/trips.json" for ::1 at 2018-05-29 15:40:18 -0400
Processing by Api::V1::TripsController#index as JSON
  [1m[36mTrip Load (0.3ms)[0m  [1m[34mSELECT "trips".* FROM "trips"[0m
Completed 200 OK in 2ms (Views: 1.7ms | ActiveRecord: 0.3ms)


Started GET "/api/v1/trips.json" for ::1 at 2018-05-29 15:40:33 -0400
Processing by Api::V1::TripsController#index as JSON
  [1m[36mTrip Load (0.2ms)[0m  [1m[34mSELECT "trips".* FROM "trips"[0m
Completed 200 OK in 2ms (Views: 1.6ms | ActiveRecord: 0.2ms)


Started GET "/api/v1/trips.json" for ::1 at 2018-05-29 15:40:58 -0400
Processing by Api::V1::TripsController#index as JSON
  [1m[36mTrip Load (0.2ms)[0m  [1m[34mSELECT "trips".* FROM "trips"[0m
Completed 200 OK in 3ms (Views: 1.9ms | ActiveRecord: 0.2ms)


Started GET "/api/v1/trips.json" for ::1 at 2018-05-29 15:41:12 -0400
Processing by Api::V1::TripsController#index as JSON
  [1m[36mTrip Load (0.2ms)[0m  [1m[34mSELECT "trips".* FROM "trips"[0m
Completed 200 OK in 2ms (Views: 1.7ms | ActiveRecord: 0.2ms)


Started GET "/api/v1/trips.json" for ::1 at 2018-05-29 15:41:50 -0400
Processing by Api::V1::TripsController#index as JSON
  [1m[36mTrip Load (0.2ms)[0m  [1m[34mSELECT "trips".* FROM "trips"[0m
Completed 200 OK in 2ms (Views: 1.4ms | ActiveRecord: 0.2ms)


Started GET "/api/v1/trips.json" for ::1 at 2018-05-29 15:42:14 -0400
Processing by Api::V1::TripsController#index as JSON
  [1m[36mTrip Load (0.2ms)[0m  [1m[34mSELECT "trips".* FROM "trips"[0m
Completed 200 OK in 1ms (Views: 1.0ms | ActiveRecord: 0.2ms)


Started GET "/api/v1/trips.json" for ::1 at 2018-05-29 15:42:37 -0400
Processing by Api::V1::TripsController#index as JSON
  [1m[36mTrip Load (0.2ms)[0m  [1m[34mSELECT "trips".* FROM "trips"[0m
Completed 200 OK in 2ms (Views: 1.1ms | ActiveRecord: 0.2ms)


Started GET "/api/v1/trips.json" for ::1 at 2018-05-29 15:43:37 -0400
Processing by Api::V1::TripsController#index as JSON
  [1m[36mTrip Load (0.2ms)[0m  [1m[34mSELECT "trips".* FROM "trips"[0m
Completed 200 OK in 2ms (Views: 1.0ms | ActiveRecord: 0.2ms)


Started GET "/api/v1/trips.json" for ::1 at 2018-05-29 15:44:55 -0400
Processing by Api::V1::TripsController#index as JSON
  [1m[36mTrip Load (0.6ms)[0m  [1m[34mSELECT "trips".* FROM "trips"[0m
Completed 200 OK in 3ms (Views: 2.3ms | ActiveRecord: 0.6ms)


Started GET "/api/v1/trips.json" for ::1 at 2018-05-29 15:45:11 -0400
Processing by Api::V1::TripsController#index as JSON
  [1m[36mTrip Load (0.2ms)[0m  [1m[34mSELECT "trips".* FROM "trips"[0m
Completed 200 OK in 2ms (Views: 1.3ms | ActiveRecord: 0.2ms)


Started GET "/api/v1/trips.json" for ::1 at 2018-05-29 15:45:23 -0400
Processing by Api::V1::TripsController#index as JSON
  [1m[36mTrip Load (0.3ms)[0m  [1m[34mSELECT "trips".* FROM "trips"[0m
Completed 200 OK in 2ms (Views: 1.5ms | ActiveRecord: 0.3ms)


Started GET "/api/v1/trips.json" for ::1 at 2018-05-29 15:45:38 -0400
Processing by Api::V1::TripsController#index as JSON
  [1m[36mTrip Load (0.2ms)[0m  [1m[34mSELECT "trips".* FROM "trips"[0m
Completed 200 OK in 3ms (Views: 1.6ms | ActiveRecord: 0.2ms)


Started GET "/api/v1/trips.json" for ::1 at 2018-05-29 15:45:50 -0400
Processing by Api::V1::TripsController#index as JSON
  [1m[36mTrip Load (0.3ms)[0m  [1m[34mSELECT "trips".* FROM "trips"[0m
Completed 200 OK in 2ms (Views: 1.6ms | ActiveRecord: 0.3ms)


Started GET "/api/v1/trips.json" for ::1 at 2018-05-29 15:47:47 -0400
Processing by Api::V1::TripsController#index as JSON
  [1m[36mTrip Load (0.2ms)[0m  [1m[34mSELECT "trips".* FROM "trips"[0m
Completed 200 OK in 2ms (Views: 1.5ms | ActiveRecord: 0.2ms)


Started GET "/api/v1/trips.json" for ::1 at 2018-05-29 15:49:22 -0400
Processing by Api::V1::TripsController#index as JSON
  [1m[36mTrip Load (0.2ms)[0m  [1m[34mSELECT "trips".* FROM "trips"[0m
Completed 200 OK in 2ms (Views: 1.5ms | ActiveRecord: 0.2ms)


Started GET "/api/v1/trips.json" for ::1 at 2018-05-29 15:50:15 -0400
Processing by Api::V1::TripsController#index as JSON
  [1m[36mTrip Load (0.4ms)[0m  [1m[34mSELECT "trips".* FROM "trips"[0m
Completed 200 OK in 2ms (Views: 1.4ms | ActiveRecord: 0.4ms)


Started GET "/api/v1/trips.json" for ::1 at 2018-05-29 15:50:38 -0400
Processing by Api::V1::TripsController#index as JSON
  [1m[36mTrip Load (0.4ms)[0m  [1m[34mSELECT "trips".* FROM "trips"[0m
Completed 200 OK in 4ms (Views: 2.2ms | ActiveRecord: 0.4ms)


Started GET "/api/v1/trips.json" for ::1 at 2018-05-29 15:51:12 -0400
Processing by Api::V1::TripsController#index as JSON
  [1m[36mTrip Load (0.4ms)[0m  [1m[34mSELECT "trips".* FROM "trips"[0m
Completed 200 OK in 3ms (Views: 2.1ms | ActiveRecord: 0.4ms)


Started GET "/api/v1/trips.json" for ::1 at 2018-05-29 15:51:45 -0400
Processing by Api::V1::TripsController#index as JSON
  [1m[36mTrip Load (1.2ms)[0m  [1m[34mSELECT "trips".* FROM "trips"[0m
Completed 200 OK in 3ms (Views: 1.8ms | ActiveRecord: 1.2ms)


Started GET "/api/v1/trips.json" for ::1 at 2018-05-29 15:52:19 -0400
Processing by Api::V1::TripsController#index as JSON
  [1m[36mTrip Load (0.2ms)[0m  [1m[34mSELECT "trips".* FROM "trips"[0m
Completed 200 OK in 2ms (Views: 1.4ms | ActiveRecord: 0.2ms)


Started GET "/api/v1/trips.json" for ::1 at 2018-05-29 15:52:37 -0400
Processing by Api::V1::TripsController#index as JSON
  [1m[36mTrip Load (1.1ms)[0m  [1m[34mSELECT "trips".* FROM "trips"[0m
Completed 200 OK in 18ms (Views: 12.1ms | ActiveRecord: 1.1ms)


Started GET "/api/v1/trips.json" for ::1 at 2018-05-29 15:52:54 -0400
Processing by Api::V1::TripsController#index as JSON
  [1m[36mTrip Load (0.4ms)[0m  [1m[34mSELECT "trips".* FROM "trips"[0m
Completed 200 OK in 3ms (Views: 1.6ms | ActiveRecord: 0.4ms)


Started GET "/api/v1/trips.json" for ::1 at 2018-05-29 15:53:08 -0400
Processing by Api::V1::TripsController#index as JSON
  [1m[36mTrip Load (0.2ms)[0m  [1m[34mSELECT "trips".* FROM "trips"[0m
Completed 200 OK in 2ms (Views: 1.7ms | ActiveRecord: 0.2ms)


Started GET "/api/v1/trips.json" for ::1 at 2018-05-29 15:53:23 -0400
Processing by Api::V1::TripsController#index as JSON
  [1m[36mTrip Load (0.3ms)[0m  [1m[34mSELECT "trips".* FROM "trips"[0m
Completed 200 OK in 2ms (Views: 1.3ms | ActiveRecord: 0.3ms)


Started GET "/api/v1/trips.json" for ::1 at 2018-05-29 15:53:47 -0400
Processing by Api::V1::TripsController#index as JSON
  [1m[36mTrip Load (0.3ms)[0m  [1m[34mSELECT "trips".* FROM "trips"[0m
Completed 200 OK in 3ms (Views: 1.9ms | ActiveRecord: 0.3ms)


Started GET "/api/v1/trips.json" for ::1 at 2018-05-29 15:53:58 -0400
Processing by Api::V1::TripsController#index as JSON
  [1m[36mTrip Load (0.5ms)[0m  [1m[34mSELECT "trips".* FROM "trips"[0m
Completed 200 OK in 2ms (Views: 1.5ms | ActiveRecord: 0.5ms)


Started GET "/api/v1/trips.json" for ::1 at 2018-05-29 15:54:38 -0400
Processing by Api::V1::TripsController#index as JSON
  [1m[36mTrip Load (0.3ms)[0m  [1m[34mSELECT "trips".* FROM "trips"[0m
Completed 200 OK in 3ms (Views: 2.6ms | ActiveRecord: 0.3ms)


Started GET "/api/v1/trips.json" for ::1 at 2018-05-29 15:55:39 -0400
Processing by Api::V1::TripsController#index as JSON
  [1m[36mTrip Load (0.6ms)[0m  [1m[34mSELECT "trips".* FROM "trips"[0m
Completed 200 OK in 3ms (Views: 1.8ms | ActiveRecord: 0.6ms)


Started GET "/api/v1/trips.json" for ::1 at 2018-05-29 15:55:48 -0400
Processing by Api::V1::TripsController#index as JSON
  [1m[36mTrip Load (0.5ms)[0m  [1m[34mSELECT "trips".* FROM "trips"[0m
Completed 200 OK in 2ms (Views: 1.7ms | ActiveRecord: 0.5ms)


Started GET "/api/v1/trips.json" for ::1 at 2018-05-29 15:56:48 -0400
Processing by Api::V1::TripsController#index as JSON
  [1m[36mTrip Load (0.6ms)[0m  [1m[34mSELECT "trips".* FROM "trips"[0m
Completed 200 OK in 4ms (Views: 2.9ms | ActiveRecord: 0.6ms)


Started GET "/api/v1/trips.json" for ::1 at 2018-05-29 15:57:38 -0400
Processing by Api::V1::TripsController#index as JSON
  [1m[36mTrip Load (0.3ms)[0m  [1m[34mSELECT "trips".* FROM "trips"[0m
Completed 200 OK in 2ms (Views: 1.6ms | ActiveRecord: 0.3ms)


Started GET "/api/v1/trips.json" for ::1 at 2018-05-29 15:57:46 -0400
Processing by Api::V1::TripsController#index as JSON
  [1m[36mTrip Load (0.3ms)[0m  [1m[34mSELECT "trips".* FROM "trips"[0m
Completed 200 OK in 2ms (Views: 1.5ms | ActiveRecord: 0.3ms)


Started GET "/api/v1/trips.json" for ::1 at 2018-05-29 15:59:33 -0400
Processing by Api::V1::TripsController#index as JSON
  [1m[36mTrip Load (0.3ms)[0m  [1m[34mSELECT "trips".* FROM "trips"[0m
Completed 200 OK in 4ms (Views: 2.9ms | ActiveRecord: 0.3ms)


Started GET "/api/v1/trips.json" for ::1 at 2018-05-29 16:11:50 -0400
Processing by Api::V1::TripsController#index as JSON
  [1m[36mTrip Load (1.7ms)[0m  [1m[34mSELECT "trips".* FROM "trips"[0m
Completed 200 OK in 56ms (Views: 46.5ms | ActiveRecord: 1.7ms)


Started GET "/sockjs-node/120/qpvuz1tr/websocket" for ::1 at 2018-05-30 11:41:47 -0400
  [1m[35m (1.2ms)[0m  [1m[34mSELECT "schema_migrations"."version" FROM "schema_migrations" ORDER BY "schema_migrations"."version" ASC[0m
  
ActionController::RoutingError (No route matches [GET] "/sockjs-node/120/qpvuz1tr/websocket"):
  
actionpack (5.1.6) lib/action_dispatch/middleware/debug_exceptions.rb:63:in `call'
actionpack (5.1.6) lib/action_dispatch/middleware/show_exceptions.rb:31:in `call'
railties (5.1.6) lib/rails/rack/logger.rb:36:in `call_app'
railties (5.1.6) lib/rails/rack/logger.rb:24:in `block in call'
activesupport (5.1.6) lib/active_support/tagged_logging.rb:69:in `block in tagged'
activesupport (5.1.6) lib/active_support/tagged_logging.rb:26:in `tagged'
activesupport (5.1.6) lib/active_support/tagged_logging.rb:69:in `tagged'
railties (5.1.6) lib/rails/rack/logger.rb:24:in `call'
actionpack (5.1.6) lib/action_dispatch/middleware/remote_ip.rb:79:in `call'
actionpack (5.1.6) lib/action_dispatch/middleware/request_id.rb:25:in `call'
rack (2.0.5) lib/rack/runtime.rb:22:in `call'
activesupport (5.1.6) lib/active_support/cache/strategy/local_cache_middleware.rb:27:in `call'
actionpack (5.1.6) lib/action_dispatch/middleware/executor.rb:12:in `call'
actionpack (5.1.6) lib/action_dispatch/middleware/static.rb:125:in `call'
rack (2.0.5) lib/rack/sendfile.rb:111:in `call'
rack-cors (1.0.2) lib/rack/cors.rb:97:in `call'
railties (5.1.6) lib/rails/engine.rb:522:in `call'
puma (3.11.4) lib/puma/configuration.rb:225:in `call'
puma (3.11.4) lib/puma/server.rb:632:in `handle_request'
puma (3.11.4) lib/puma/server.rb:446:in `process_client'
puma (3.11.4) lib/puma/server.rb:306:in `block in run'
puma (3.11.4) lib/puma/thread_pool.rb:120:in `block in spawn_thread'
Started GET "/static/js/bundle.js" for ::1 at 2018-05-30 11:42:17 -0400
  
ActionController::RoutingError (No route matches [GET] "/static/js/bundle.js"):
  
actionpack (5.1.6) lib/action_dispatch/middleware/debug_exceptions.rb:63:in `call'
actionpack (5.1.6) lib/action_dispatch/middleware/show_exceptions.rb:31:in `call'
railties (5.1.6) lib/rails/rack/logger.rb:36:in `call_app'
railties (5.1.6) lib/rails/rack/logger.rb:24:in `block in call'
activesupport (5.1.6) lib/active_support/tagged_logging.rb:69:in `block in tagged'
activesupport (5.1.6) lib/active_support/tagged_logging.rb:26:in `tagged'
activesupport (5.1.6) lib/active_support/tagged_logging.rb:69:in `tagged'
railties (5.1.6) lib/rails/rack/logger.rb:24:in `call'
actionpack (5.1.6) lib/action_dispatch/middleware/remote_ip.rb:79:in `call'
actionpack (5.1.6) lib/action_dispatch/middleware/request_id.rb:25:in `call'
rack (2.0.5) lib/rack/runtime.rb:22:in `call'
activesupport (5.1.6) lib/active_support/cache/strategy/local_cache_middleware.rb:27:in `call'
actionpack (5.1.6) lib/action_dispatch/middleware/executor.rb:12:in `call'
actionpack (5.1.6) lib/action_dispatch/middleware/static.rb:125:in `call'
rack (2.0.5) lib/rack/sendfile.rb:111:in `call'
rack-cors (1.0.2) lib/rack/cors.rb:97:in `call'
railties (5.1.6) lib/rails/engine.rb:522:in `call'
puma (3.11.4) lib/puma/configuration.rb:225:in `call'
puma (3.11.4) lib/puma/server.rb:632:in `handle_request'
puma (3.11.4) lib/puma/server.rb:446:in `process_client'
puma (3.11.4) lib/puma/server.rb:306:in `block in run'
puma (3.11.4) lib/puma/thread_pool.rb:120:in `block in spawn_thread'
Started GET "/static/js/bundle.js" for ::1 at 2018-05-30 11:42:17 -0400
  
ActionController::RoutingError (No route matches [GET] "/static/js/bundle.js"):
  
actionpack (5.1.6) lib/action_dispatch/middleware/debug_exceptions.rb:63:in `call'
actionpack (5.1.6) lib/action_dispatch/middleware/show_exceptions.rb:31:in `call'
railties (5.1.6) lib/rails/rack/logger.rb:36:in `call_app'
railties (5.1.6) lib/rails/rack/logger.rb:24:in `block in call'
activesupport (5.1.6) lib/active_support/tagged_logging.rb:69:in `block in tagged'
activesupport (5.1.6) lib/active_support/tagged_logging.rb:26:in `tagged'
activesupport (5.1.6) lib/active_support/tagged_logging.rb:69:in `tagged'
railties (5.1.6) lib/rails/rack/logger.rb:24:in `call'
actionpack (5.1.6) lib/action_dispatch/middleware/remote_ip.rb:79:in `call'
actionpack (5.1.6) lib/action_dispatch/middleware/request_id.rb:25:in `call'
rack (2.0.5) lib/rack/runtime.rb:22:in `call'
activesupport (5.1.6) lib/active_support/cache/strategy/local_cache_middleware.rb:27:in `call'
actionpack (5.1.6) lib/action_dispatch/middleware/executor.rb:12:in `call'
actionpack (5.1.6) lib/action_dispatch/middleware/static.rb:125:in `call'
rack (2.0.5) lib/rack/sendfile.rb:111:in `call'
rack-cors (1.0.2) lib/rack/cors.rb:97:in `call'
railties (5.1.6) lib/rails/engine.rb:522:in `call'
puma (3.11.4) lib/puma/configuration.rb:225:in `call'
puma (3.11.4) lib/puma/server.rb:632:in `handle_request'
puma (3.11.4) lib/puma/server.rb:446:in `process_client'
puma (3.11.4) lib/puma/server.rb:306:in `block in run'
puma (3.11.4) lib/puma/thread_pool.rb:120:in `block in spawn_thread'
Started GET "/" for ::1 at 2018-05-30 11:42:34 -0400
Processing by Rails::WelcomeController#index as HTML
  Rendering /Users/lauracampbell/.rvm/gems/ruby-2.3.3/gems/railties-5.1.6/lib/rails/templates/rails/welcome/index.html.erb
  Rendered /Users/lauracampbell/.rvm/gems/ruby-2.3.3/gems/railties-5.1.6/lib/rails/templates/rails/welcome/index.html.erb (3.5ms)
Completed 200 OK in 15ms (Views: 7.0ms | ActiveRecord: 0.0ms)


Started GET "/api/v1/trips.json" for ::1 at 2018-05-30 11:44:16 -0400
Processing by Api::V1::TripsController#index as JSON
  [1m[36mTrip Load (1.7ms)[0m  [1m[34mSELECT "trips".* FROM "trips"[0m
Completed 200 OK in 23ms (Views: 13.2ms | ActiveRecord: 2.6ms)


Started GET "/api/v1/trips.json" for ::1 at 2018-05-30 11:44:31 -0400
Processing by Api::V1::TripsController#index as JSON
  [1m[36mTrip Load (0.2ms)[0m  [1m[34mSELECT "trips".* FROM "trips"[0m
Completed 200 OK in 2ms (Views: 1.0ms | ActiveRecord: 0.2ms)


Started GET "/api/v1/trips.json" for ::1 at 2018-05-30 11:44:32 -0400
Processing by Api::V1::TripsController#index as JSON
  [1m[36mTrip Load (0.2ms)[0m  [1m[34mSELECT "trips".* FROM "trips"[0m
Completed 200 OK in 2ms (Views: 1.3ms | ActiveRecord: 0.2ms)


Started GET "/api/v1/trips.json" for ::1 at 2018-05-30 11:44:35 -0400
Processing by Api::V1::TripsController#index as JSON
  [1m[36mTrip Load (0.2ms)[0m  [1m[34mSELECT "trips".* FROM "trips"[0m
Completed 200 OK in 1ms (Views: 0.9ms | ActiveRecord: 0.2ms)


Started GET "/api/v1/trips.json" for ::1 at 2018-05-30 11:45:05 -0400
Processing by Api::V1::TripsController#index as JSON
  [1m[36mTrip Load (0.2ms)[0m  [1m[34mSELECT "trips".* FROM "trips"[0m
Completed 200 OK in 2ms (Views: 1.1ms | ActiveRecord: 0.2ms)


Started GET "/api/v1/trips.json" for ::1 at 2018-05-30 11:45:09 -0400
Processing by Api::V1::TripsController#index as JSON
  [1m[36mTrip Load (0.2ms)[0m  [1m[34mSELECT "trips".* FROM "trips"[0m
Completed 200 OK in 1ms (Views: 1.0ms | ActiveRecord: 0.2ms)


Started GET "/api/v1/trips.json" for ::1 at 2018-05-30 11:45:37 -0400
Processing by Api::V1::TripsController#index as JSON
  [1m[36mTrip Load (0.2ms)[0m  [1m[34mSELECT "trips".* FROM "trips"[0m
Completed 200 OK in 2ms (Views: 1.1ms | ActiveRecord: 0.2ms)


Started GET "/api/v1/trips.json" for ::1 at 2018-05-30 11:45:40 -0400
Processing by Api::V1::TripsController#index as JSON
  [1m[36mTrip Load (0.3ms)[0m  [1m[34mSELECT "trips".* FROM "trips"[0m
Completed 200 OK in 2ms (Views: 1.2ms | ActiveRecord: 0.3ms)


Started GET "/api/v1/trips.json" for ::1 at 2018-05-30 11:46:10 -0400
Processing by Api::V1::TripsController#index as JSON
  [1m[36mTrip Load (0.4ms)[0m  [1m[34mSELECT "trips".* FROM "trips"[0m
Completed 200 OK in 3ms (Views: 2.0ms | ActiveRecord: 0.4ms)


Started POST "/api/v1/trips" for ::1 at 2018-05-30 11:46:16 -0400
Processing by Api::V1::TripsController#create as HTML
  Parameters: {"trip"=>{}}
Completed 400 Bad Request in 1ms (ActiveRecord: 0.0ms)


  
ActionController::ParameterMissing (param is missing or the value is empty: idea):
  
app/controllers/api/v1/trips_controller.rb:16:in `trip_params'
app/controllers/api/v1/trips_controller.rb:9:in `create'
Started GET "/api/v1/trips.json" for ::1 at 2018-05-30 11:46:17 -0400
Processing by Api::V1::TripsController#index as JSON
  [1m[36mTrip Load (0.2ms)[0m  [1m[34mSELECT "trips".* FROM "trips"[0m
Completed 200 OK in 2ms (Views: 1.6ms | ActiveRecord: 0.2ms)


Started GET "/api/v1/trips.json" for ::1 at 2018-05-30 11:47:25 -0400
Processing by Api::V1::TripsController#index as JSON
  [1m[36mTrip Load (0.2ms)[0m  [1m[34mSELECT "trips".* FROM "trips"[0m
Completed 200 OK in 2ms (Views: 1.2ms | ActiveRecord: 0.2ms)


Started POST "/api/v1/trips" for ::1 at 2018-05-30 11:47:30 -0400
Processing by Api::V1::TripsController#create as HTML
  Parameters: {"trip"=>{}}
Completed 400 Bad Request in 1ms (ActiveRecord: 0.0ms)


  
ActionController::ParameterMissing (param is missing or the value is empty: idea):
  
app/controllers/api/v1/trips_controller.rb:16:in `trip_params'
app/controllers/api/v1/trips_controller.rb:9:in `create'
Started GET "/api/v1/trips.json" for ::1 at 2018-05-30 11:47:31 -0400
Processing by Api::V1::TripsController#index as JSON
  [1m[36mTrip Load (0.3ms)[0m  [1m[34mSELECT "trips".* FROM "trips"[0m
Completed 200 OK in 2ms (Views: 1.4ms | ActiveRecord: 0.3ms)


Started GET "/api/v1/trips.json" for ::1 at 2018-05-30 11:47:45 -0400
Processing by Api::V1::TripsController#index as JSON
  [1m[36mTrip Load (0.2ms)[0m  [1m[34mSELECT "trips".* FROM "trips"[0m
Completed 200 OK in 2ms (Views: 1.8ms | ActiveRecord: 0.2ms)


Started POST "/api/v1/trips" for ::1 at 2018-05-30 11:48:02 -0400
Processing by Api::V1::TripsController#create as HTML
  Parameters: {"trip"=>{}}
Completed 400 Bad Request in 0ms (ActiveRecord: 0.0ms)


  
ActionController::ParameterMissing (param is missing or the value is empty: idea):
  
app/controllers/api/v1/trips_controller.rb:16:in `trip_params'
app/controllers/api/v1/trips_controller.rb:9:in `create'
Started GET "/api/v1/trips.json" for ::1 at 2018-05-30 11:48:03 -0400
Processing by Api::V1::TripsController#index as JSON
  [1m[36mTrip Load (0.3ms)[0m  [1m[34mSELECT "trips".* FROM "trips"[0m
Completed 200 OK in 2ms (Views: 1.6ms | ActiveRecord: 0.3ms)


Started GET "/api/v1/trips.json" for ::1 at 2018-05-30 12:01:26 -0400
Processing by Api::V1::TripsController#index as JSON
  [1m[36mTrip Load (0.2ms)[0m  [1m[34mSELECT "trips".* FROM "trips"[0m
Completed 200 OK in 2ms (Views: 1.3ms | ActiveRecord: 0.2ms)


Started POST "/api/v1/trips" for ::1 at 2018-05-30 12:01:27 -0400
Processing by Api::V1::TripsController#create as HTML
  Parameters: {"trip"=>{}}
Completed 400 Bad Request in 0ms (ActiveRecord: 0.0ms)


  
ActionController::ParameterMissing (param is missing or the value is empty: idea):
  
app/controllers/api/v1/trips_controller.rb:16:in `trip_params'
app/controllers/api/v1/trips_controller.rb:9:in `create'
Started GET "/api/v1/trips.json" for ::1 at 2018-05-30 12:01:28 -0400
Processing by Api::V1::TripsController#index as JSON
  [1m[36mTrip Load (0.2ms)[0m  [1m[34mSELECT "trips".* FROM "trips"[0m
Completed 200 OK in 3ms (Views: 2.1ms | ActiveRecord: 0.2ms)


Started POST "/api/v1/trips" for ::1 at 2018-05-30 12:01:35 -0400
Processing by Api::V1::TripsController#create as HTML
  Parameters: {"trip"=>{}}
Completed 400 Bad Request in 1ms (ActiveRecord: 0.0ms)


  
ActionController::ParameterMissing (param is missing or the value is empty: idea):
  
app/controllers/api/v1/trips_controller.rb:16:in `trip_params'
app/controllers/api/v1/trips_controller.rb:9:in `create'
Started GET "/api/v1/trips.json" for ::1 at 2018-05-30 12:01:36 -0400
Processing by Api::V1::TripsController#index as JSON
  [1m[36mTrip Load (0.2ms)[0m  [1m[34mSELECT "trips".* FROM "trips"[0m
Completed 200 OK in 2ms (Views: 1.3ms | ActiveRecord: 0.2ms)


Started POST "/api/v1/trips" for ::1 at 2018-05-30 13:01:42 -0400
Processing by Api::V1::TripsController#create as HTML
  Parameters: {"trip"=>{}}
Completed 400 Bad Request in 0ms (ActiveRecord: 0.0ms)


  
ActionController::ParameterMissing (param is missing or the value is empty: idea):
  
app/controllers/api/v1/trips_controller.rb:16:in `trip_params'
app/controllers/api/v1/trips_controller.rb:9:in `create'
Started GET "/api/v1/trips.json" for ::1 at 2018-05-30 13:01:43 -0400
Processing by Api::V1::TripsController#index as JSON
  [1m[36mTrip Load (0.3ms)[0m  [1m[34mSELECT "trips".* FROM "trips"[0m
Completed 200 OK in 2ms (Views: 1.6ms | ActiveRecord: 0.3ms)


Started POST "/api/v1/trips" for ::1 at 2018-05-30 13:24:17 -0400
Processing by Api::V1::TripsController#create as HTML
  Parameters: {"trip"=>{}}
Completed 400 Bad Request in 0ms (ActiveRecord: 0.0ms)


  
ActionController::ParameterMissing (param is missing or the value is empty: idea):
  
app/controllers/api/v1/trips_controller.rb:16:in `trip_params'
app/controllers/api/v1/trips_controller.rb:9:in `create'
Started GET "/api/v1/trips.json" for ::1 at 2018-05-30 13:24:18 -0400
Processing by Api::V1::TripsController#index as JSON
  [1m[36mTrip Load (0.3ms)[0m  [1m[34mSELECT "trips".* FROM "trips"[0m
Completed 200 OK in 2ms (Views: 1.3ms | ActiveRecord: 0.3ms)


Started GET "/api/v1/trips.json" for ::1 at 2018-05-30 13:24:22 -0400
Processing by Api::V1::TripsController#index as JSON
  [1m[36mTrip Load (0.2ms)[0m  [1m[34mSELECT "trips".* FROM "trips"[0m
Completed 200 OK in 2ms (Views: 1.5ms | ActiveRecord: 0.2ms)


